app/build/outputs/logs/manifest-merger-release-report.txt
-- Merging decision tree log ---
manifest
ADDED from src\main\AndroidManifest.xml:2:1-149:12
	package
		ADDED from src\main\AndroidManifest.xml:3:5-37
		INJECTED from src\main\AndroidManifest.xml
		INJECTED from src\main\AndroidManifest.xml
	android:versionName
		INJECTED from src\main\AndroidManifest.xml
		INJECTED from src\main\AndroidManifest.xml
	xmlns:android
		ADDED from src\main\AndroidManifest.xml:2:11-69
	android:versionCode
		INJECTED from src\main\AndroidManifest.xml
		INJECTED from src\main\AndroidManifest.xml
supports-screens
ADDED from src\main\AndroidManifest.xml:5:5-10:39
MERGED from [:lib.5plus.base-release:] AndroidManifest.xml:9:5-14:39
	android:largeScreens
		ADDED from src\main\AndroidManifest.xml:7:9-36
	android:smallScreens
		ADDED from src\main\AndroidManifest.xml:10:9-36
	android:normalScreens
		ADDED from src\main\AndroidManifest.xml:8:9-37
	android:resizeable
		ADDED from src\main\AndroidManifest.xml:9:9-34
	android:anyDensity
		ADDED from src\main\AndroidManifest.xml:6:9-34
uses-permission#android.permission.CAMERA
ADDED from src\main\AndroidManifest.xml:13:5-65
MERGED from [:lib.5plus.base-release:] AndroidManifest.xml:29:5-65
	android:name
		ADDED from src\main\AndroidManifest.xml:13:22-62
uses-permission#android.permission.WRITE_EXTERNAL_STORAGE
ADDED from src\main\AndroidManifest.xml:14:5-81
MERGED from [:lib.5plus.base-release:] AndroidManifest.xml:16:5-81
	android:name
		ADDED from src\main\AndroidManifest.xml:14:22-78
uses-permission#android.permission.WRITE_SETTINGS
ADDED from src\main\AndroidManifest.xml:20:5-73
	android:name
		ADDED from src\main\AndroidManifest.xml:20:22-70
uses-permission#android.permission.READ_SETTINGS
ADDED from src\main\AndroidManifest.xml:21:5-72
	android:name
		ADDED from src\main\AndroidManifest.xml:21:22-69
permission#getui.permission.GetuiService.com.HBuilder.integrate
ADDED from src\main\AndroidManifest.xml:33:5-35:44
	android:protectionLevel
		ADDED from src\main\AndroidManifest.xml:35:9-41
	android:name
		ADDED from src\main\AndroidManifest.xml:34:9-76
uses-permission#android.permission.INTERNET
ADDED from src\main\AndroidManifest.xml:51:5-67
MERGED from [:lib.5plus.base-release:] AndroidManifest.xml:17:5-67
MERGED from [:lib.5plus.base-release:] AndroidManifest.xml:34:5-67
	android:name
		ADDED from src\main\AndroidManifest.xml:51:22-64
application
ADDED from src\main\AndroidManifest.xml:61:5-147:19
MERGED from [:lib.5plus.base-release:] AndroidManifest.xml:77:5-221:19
	android:label
		ADDED from src\main\AndroidManifest.xml:66:9-41
	android:supportsRtl
		ADDED from src\main\AndroidManifest.xml:68:9-35
	android:allowClearUserData
		ADDED from src\main\AndroidManifest.xml:64:9-42
	android:allowBackup
		ADDED from src\main\AndroidManifest.xml:63:9-35
	android:icon
		ADDED from src\main\AndroidManifest.xml:65:9-38
	android:largeHeap
		ADDED from src\main\AndroidManifest.xml:67:9-33
	android:name
		ADDED from src\main\AndroidManifest.xml:62:9-63
activity#io.dcloud.PandoraEntry
ADDED from src\main\AndroidManifest.xml:95:9-111:20
	android:screenOrientation
		ADDED from src\main\AndroidManifest.xml:99:13-45
	android:hardwareAccelerated
		ADDED from src\main\AndroidManifest.xml:98:13-47
	android:windowSoftInputMode
		ADDED from src\main\AndroidManifest.xml:101:13-55
	android:configChanges
		ADDED from src\main\AndroidManifest.xml:97:13-92
	android:theme
		ADDED from src\main\AndroidManifest.xml:100:13-52
	android:name
		ADDED from src\main\AndroidManifest.xml:96:13-50
intent-filter#android.intent.action.MAIN+android.intent.category.LAUNCHER
ADDED from src\main\AndroidManifest.xml:103:13-110:29
action#android.intent.action.MAIN
ADDED from src\main\AndroidManifest.xml:105:17-106:65
	android:name
		ADDED from src\main\AndroidManifest.xml:106:21-62
category#android.intent.category.LAUNCHER
ADDED from src\main\AndroidManifest.xml:108:17-109:71
	android:name
		ADDED from src\main\AndroidManifest.xml:109:21-68
meta-data#DCLOUD_STREAMAPP_CHANNEL
ADDED from src\main\AndroidManifest.xml:116:9-118:62
	android:value
		ADDED from src\main\AndroidManifest.xml:118:13-59
	android:name
		ADDED from src\main\AndroidManifest.xml:117:13-52
activity#com.HBuilder.integrate.ActivityEntry
ADDED from src\main\AndroidManifest.xml:123:9-135:20
	android:screenOrientation
		ADDED from src\main\AndroidManifest.xml:128:13-45
	android:label
		ADDED from src\main\AndroidManifest.xml:126:13-45
	android:launchMode
		ADDED from src\main\AndroidManifest.xml:127:13-44
	android:windowSoftInputMode
		ADDED from src\main\AndroidManifest.xml:129:13-55
	android:configChanges
		ADDED from src\main\AndroidManifest.xml:125:13-63
	android:name
		ADDED from src\main\AndroidManifest.xml:124:13-64
activity#com.HBuilder.integrate.SDK_WebApp
ADDED from src\main\AndroidManifest.xml:136:9-141:20
	android:screenOrientation
		ADDED from src\main\AndroidManifest.xml:139:13-45
	android:configChanges
		ADDED from src\main\AndroidManifest.xml:138:13-112
	android:theme
		ADDED from src\main\AndroidManifest.xml:140:13-47
	android:name
		ADDED from src\main\AndroidManifest.xml:137:13-61
activity#com.HBuilder.integrate.SDK_WebView
ADDED from src\main\AndroidManifest.xml:142:9-146:49
	android:screenOrientation
		ADDED from src\main\AndroidManifest.xml:145:13-47
	android:configChanges
		ADDED from src\main\AndroidManifest.xml:144:13-112
	android:theme
		ADDED from src\main\AndroidManifest.xml:146:13-47
	android:name
		ADDED from src\main\AndroidManifest.xml:143:13-62
uses-sdk
INJECTED from src\main\AndroidManifest.xml reason: use-sdk injection requested
MERGED from [com.android.support:multidex:1.0.1] AndroidManifest.xml:18:5-42
MERGED from [:lib.5plus.base-release:] AndroidManifest.xml:7:5-44
	android:targetSdkVersion
		INJECTED from src\main\AndroidManifest.xml
		INJECTED from src\main\AndroidManifest.xml
	android:minSdkVersion
		INJECTED from src\main\AndroidManifest.xml
		INJECTED from src\main\AndroidManifest.xml
uses-permission#android.permission.ACCESS_NETWORK_STATE
ADDED from [:lib.5plus.base-release:] AndroidManifest.xml:18:5-79
	android:name
		ADDED from [:lib.5plus.base-release:] AndroidManifest.xml:18:22-76
uses-permission#android.permission.GET_TASKS
ADDED from [:lib.5plus.base-release:] AndroidManifest.xml:19:5-68
	android:name
		ADDED from [:lib.5plus.base-release:] AndroidManifest.xml:19:22-65
uses-permission#android.permission.CHANGE_NETWORK_STATE
ADDED from [:lib.5plus.base-release:] AndroidManifest.xml:20:5-79
	android:name
		ADDED from [:lib.5plus.base-release:] AndroidManifest.xml:20:22-76
uses-permission#android.permission.READ_CONTACTS
ADDED from [:lib.5plus.base-release:] AndroidManifest.xml:21:5-72
	android:name
		ADDED from [:lib.5plus.base-release:] AndroidManifest.xml:21:22-69
uses-permission#android.permission.ACCESS_WIFI_STATE
ADDED from [:lib.5plus.base-release:] AndroidManifest.xml:22:5-76
	android:name
		ADDED from [:lib.5plus.base-release:] AndroidManifest.xml:22:22-73
uses-feature#android.hardware.camera.autofocus
ADDED from [:lib.5plus.base-release:] AndroidManifest.xml:24:5-70
	android:name
		ADDED from [:lib.5plus.base-release:] AndroidManifest.xml:24:19-67
uses-permission#android.permission.WRITE_CONTACTS
ADDED from [:lib.5plus.base-release:] AndroidManifest.xml:26:5-73
	android:name
		ADDED from [:lib.5plus.base-release:] AndroidManifest.xml:26:22-70
uses-permission#com.android.launcher.permission.UNINSTALL_SHORTCUT
ADDED from [:lib.5plus.base-release:] AndroidManifest.xml:28:5-90
	android:name
		ADDED from [:lib.5plus.base-release:] AndroidManifest.xml:28:22-87
uses-permission#android.permission.GET_ACCOUNTS
ADDED from [:lib.5plus.base-release:] AndroidManifest.xml:30:5-71
	android:name
		ADDED from [:lib.5plus.base-release:] AndroidManifest.xml:30:22-68
uses-permission#android.permission.RECORD_AUDIO
ADDED from [:lib.5plus.base-release:] AndroidManifest.xml:31:5-71
	android:name
		ADDED from [:lib.5plus.base-release:] AndroidManifest.xml:31:22-68
uses-permission#com.android.launcher.permission.INSTALL_SHORTCUT
ADDED from [:lib.5plus.base-release:] AndroidManifest.xml:32:5-88
	android:name
		ADDED from [:lib.5plus.base-release:] AndroidManifest.xml:32:22-85
uses-permission#android.permission.SEND_SMS
ADDED from [:lib.5plus.base-release:] AndroidManifest.xml:33:5-67
	android:name
		ADDED from [:lib.5plus.base-release:] AndroidManifest.xml:33:22-64
uses-permission#android.permission.READ_PHONE_STATE
ADDED from [:lib.5plus.base-release:] AndroidManifest.xml:35:5-75
	android:name
		ADDED from [:lib.5plus.base-release:] AndroidManifest.xml:35:22-72
uses-permission#android.permission.FLASHLIGHT
ADDED from [:lib.5plus.base-release:] AndroidManifest.xml:36:5-69
	android:name
		ADDED from [:lib.5plus.base-release:] AndroidManifest.xml:36:22-66
uses-feature#android.hardware.camera
ADDED from [:lib.5plus.base-release:] AndroidManifest.xml:38:5-60
	android:name
		ADDED from [:lib.5plus.base-release:] AndroidManifest.xml:38:19-57
uses-permission#android.permission.WRITE_SMS
ADDED from [:lib.5plus.base-release:] AndroidManifest.xml:40:5-68
	android:name
		ADDED from [:lib.5plus.base-release:] AndroidManifest.xml:40:22-65
uses-permission#android.permission.READ_SMS
ADDED from [:lib.5plus.base-release:] AndroidManifest.xml:41:5-67
	android:name
		ADDED from [:lib.5plus.base-release:] AndroidManifest.xml:41:22-64
uses-permission#com.android.launcher.permission.READ_SETTINGS
ADDED from [:lib.5plus.base-release:] AndroidManifest.xml:44:5-85
	android:name
		ADDED from [:lib.5plus.base-release:] AndroidManifest.xml:44:22-82
uses-permission#com.android.launcher2.permission.READ_SETTINGS
ADDED from [:lib.5plus.base-release:] AndroidManifest.xml:45:5-86
	android:name
		ADDED from [:lib.5plus.base-release:] AndroidManifest.xml:45:22-83
uses-permission#com.android.launcher3.permission.READ_SETTINGS
ADDED from [:lib.5plus.base-release:] AndroidManifest.xml:46:5-86
	android:name
		ADDED from [:lib.5plus.base-release:] AndroidManifest.xml:46:22-83
uses-permission#com.yulong.android.launcherL.permission.READ_SETTINGS
ADDED from [:lib.5plus.base-release:] AndroidManifest.xml:47:5-93
	android:name
		ADDED from [:lib.5plus.base-release:] AndroidManifest.xml:47:22-90
uses-permission#com.meizu.flyme.launcher.permission.READ_SETTINGS
ADDED from [:lib.5plus.base-release:] AndroidManifest.xml:48:5-89
	android:name
		ADDED from [:lib.5plus.base-release:] AndroidManifest.xml:48:22-86
uses-permission#com.bbk.launcher2.permission.READ_SETTINGS
ADDED from [:lib.5plus.base-release:] AndroidManifest.xml:49:5-82
	android:name
		ADDED from [:lib.5plus.base-release:] AndroidManifest.xml:49:22-79
uses-permission#com.oppo.launcher.permission.READ_SETTINGS
ADDED from [:lib.5plus.base-release:] AndroidManifest.xml:50:5-82
	android:name
		ADDED from [:lib.5plus.base-release:] AndroidManifest.xml:50:22-79
uses-permission#com.htc.launcher.permission.READ_SETTINGS
ADDED from [:lib.5plus.base-release:] AndroidManifest.xml:51:5-81
	android:name
		ADDED from [:lib.5plus.base-release:] AndroidManifest.xml:51:22-78
uses-permission#com.qiku.launcher.permission.READ_SETTINGS
ADDED from [:lib.5plus.base-release:] AndroidManifest.xml:52:5-82
	android:name
		ADDED from [:lib.5plus.base-release:] AndroidManifest.xml:52:22-79
uses-permission#com.huawei.android.launcher.permission.READ_SETTINGS
ADDED from [:lib.5plus.base-release:] AndroidManifest.xml:53:5-92
	android:name
		ADDED from [:lib.5plus.base-release:] AndroidManifest.xml:53:22-89
uses-permission#com.zte.mifavor.launcher.permission.READ_SETTINGS
ADDED from [:lib.5plus.base-release:] AndroidManifest.xml:54:5-89
	android:name
		ADDED from [:lib.5plus.base-release:] AndroidManifest.xml:54:22-86
uses-permission#com.lenovo.launcher.permission.READ_SETTINGS
ADDED from [:lib.5plus.base-release:] AndroidManifest.xml:55:5-84
	android:name
		ADDED from [:lib.5plus.base-release:] AndroidManifest.xml:55:22-81
uses-permission#com.google.android.launcher.permission.READ_SETTINGS
ADDED from [:lib.5plus.base-release:] AndroidManifest.xml:56:5-92
	android:name
		ADDED from [:lib.5plus.base-release:] AndroidManifest.xml:56:22-89
uses-permission#com.yulong.android.launcher3.READ_SETTINGS
ADDED from [:lib.5plus.base-release:] AndroidManifest.xml:57:5-82
	android:name
		ADDED from [:lib.5plus.base-release:] AndroidManifest.xml:57:22-79
uses-permission#org.adw.launcher.permission.READ_SETTINGS
ADDED from [:lib.5plus.base-release:] AndroidManifest.xml:58:5-81
	android:name
		ADDED from [:lib.5plus.base-release:] AndroidManifest.xml:58:22-78
uses-permission#com.qihoo360.launcher.permission.READ_SETTINGS
ADDED from [:lib.5plus.base-release:] AndroidManifest.xml:59:5-86
	android:name
		ADDED from [:lib.5plus.base-release:] AndroidManifest.xml:59:22-83
uses-permission#com.lge.launcher.permission.READ_SETTINGS
ADDED from [:lib.5plus.base-release:] AndroidManifest.xml:60:5-81
	android:name
		ADDED from [:lib.5plus.base-release:] AndroidManifest.xml:60:22-78
uses-permission#net.qihoo.launcher.permission.READ_SETTINGS
ADDED from [:lib.5plus.base-release:] AndroidManifest.xml:61:5-83
	android:name
		ADDED from [:lib.5plus.base-release:] AndroidManifest.xml:61:22-80
uses-permission#org.adwfreak.launcher.permission.READ_SETTINGS
ADDED from [:lib.5plus.base-release:] AndroidManifest.xml:62:5-86
	android:name
		ADDED from [:lib.5plus.base-release:] AndroidManifest.xml:62:22-83
uses-permission#org.adw.launcher_donut.permission.READ_SETTINGS
ADDED from [:lib.5plus.base-release:] AndroidManifest.xml:63:5-87
	android:name
		ADDED from [:lib.5plus.base-release:] AndroidManifest.xml:63:22-84
uses-permission#com.huawei.launcher3.permission.READ_SETTINGS
ADDED from [:lib.5plus.base-release:] AndroidManifest.xml:64:5-85
	android:name
		ADDED from [:lib.5plus.base-release:] AndroidManifest.xml:64:22-82
uses-permission#com.fede.launcher.permission.READ_SETTINGS
ADDED from [:lib.5plus.base-release:] AndroidManifest.xml:65:5-82
	android:name
		ADDED from [:lib.5plus.base-release:] AndroidManifest.xml:65:22-79
uses-permission#com.sec.android.app.twlauncher.settings.READ_SETTINGS
ADDED from [:lib.5plus.base-release:] AndroidManifest.xml:66:5-93
	android:name
		ADDED from [:lib.5plus.base-release:] AndroidManifest.xml:66:22-90
uses-permission#com.tencent.qqlauncher.permission.READ_SETTINGS
ADDED from [:lib.5plus.base-release:] AndroidManifest.xml:67:5-87
	android:name
		ADDED from [:lib.5plus.base-release:] AndroidManifest.xml:67:22-84
uses-permission#com.huawei.launcher2.permission.READ_SETTINGS
ADDED from [:lib.5plus.base-release:] AndroidManifest.xml:68:5-85
	android:name
		ADDED from [:lib.5plus.base-release:] AndroidManifest.xml:68:22-82
uses-permission#com.ebproductions.android.launcher.permission.READ_SETTINGS
ADDED from [:lib.5plus.base-release:] AndroidManifest.xml:69:5-99
	android:name
		ADDED from [:lib.5plus.base-release:] AndroidManifest.xml:69:22-96
uses-permission#com.nd.android.launcher.permission.READ_SETTINGS
ADDED from [:lib.5plus.base-release:] AndroidManifest.xml:70:5-88
	android:name
		ADDED from [:lib.5plus.base-release:] AndroidManifest.xml:70:22-85
uses-permission#com.yulong.android.launcher.permission.READ_SETTINGS
ADDED from [:lib.5plus.base-release:] AndroidManifest.xml:71:5-92
	android:name
		ADDED from [:lib.5plus.base-release:] AndroidManifest.xml:71:22-89
uses-permission#com.android.mylauncher.permission.READ_SETTINGS
ADDED from [:lib.5plus.base-release:] AndroidManifest.xml:72:5-87
	android:name
		ADDED from [:lib.5plus.base-release:] AndroidManifest.xml:72:22-84
uses-permission#com.ztemt.launcher.permission.READ_SETTINGS
ADDED from [:lib.5plus.base-release:] AndroidManifest.xml:73:5-83
	android:name
		ADDED from [:lib.5plus.base-release:] AndroidManifest.xml:73:22-80
uses-permission#cn.nubia.launcher.permission.READ_SETTINGS
ADDED from [:lib.5plus.base-release:] AndroidManifest.xml:74:5-82
	android:name
		ADDED from [:lib.5plus.base-release:] AndroidManifest.xml:74:22-79
uses-permission#com.gionee.amisystem.permission.READ_SHORTCUT
ADDED from [:lib.5plus.base-release:] AndroidManifest.xml:75:5-85
	android:name
		ADDED from [:lib.5plus.base-release:] AndroidManifest.xml:75:22-82
activity#io.dcloud.PandoraEntryActivity
ADDED from [:lib.5plus.base-release:] AndroidManifest.xml:81:9-97:20
	android:screenOrientation
		ADDED from [:lib.5plus.base-release:] AndroidManifest.xml:86:13-45
	android:hardwareAccelerated
		ADDED from [:lib.5plus.base-release:] AndroidManifest.xml:83:13-47
	android:launchMode
		ADDED from [:lib.5plus.base-release:] AndroidManifest.xml:84:13-44
	android:windowSoftInputMode
		ADDED from [:lib.5plus.base-release:] AndroidManifest.xml:88:13-55
	android:permission
		ADDED from [:lib.5plus.base-release:] AndroidManifest.xml:85:13-89
	android:theme
		ADDED from [:lib.5plus.base-release:] AndroidManifest.xml:87:13-47
	android:name
		ADDED from [:lib.5plus.base-release:] AndroidManifest.xml:82:13-58
intent-filter#android.intent.action.VIEW+android.intent.category.BROWSABLE+android.intent.category.DEFAULT
ADDED from [:lib.5plus.base-release:] AndroidManifest.xml:89:13-96:29
category#android.intent.category.DEFAULT
ADDED from [:lib.5plus.base-release:] AndroidManifest.xml:90:17-76
	android:name
		ADDED from [:lib.5plus.base-release:] AndroidManifest.xml:90:27-73
category#android.intent.category.BROWSABLE
ADDED from [:lib.5plus.base-release:] AndroidManifest.xml:91:17-78
	android:name
		ADDED from [:lib.5plus.base-release:] AndroidManifest.xml:91:27-75
action#android.intent.action.VIEW
ADDED from [:lib.5plus.base-release:] AndroidManifest.xml:93:17-69
	android:name
		ADDED from [:lib.5plus.base-release:] AndroidManifest.xml:93:25-66
data
ADDED from [:lib.5plus.base-release:] AndroidManifest.xml:95:17-52
	android:scheme
		ADDED from [:lib.5plus.base-release:] AndroidManifest.xml:95:23-49
service#io.dcloud.common.adapter.io.MiniServerService
ADDED from [:lib.5plus.base-release:] AndroidManifest.xml:99:9-101:40
	android:exported
		ADDED from [:lib.5plus.base-release:] AndroidManifest.xml:101:13-37
	android:name
		ADDED from [:lib.5plus.base-release:] AndroidManifest.xml:100:13-73
receiver#io.dcloud.common.adapter.io.PushReceiver
ADDED from [:lib.5plus.base-release:] AndroidManifest.xml:103:9-107:20
	android:name
		ADDED from [:lib.5plus.base-release:] AndroidManifest.xml:103:19-74
intent-filter#dcloud.push.broswer
ADDED from [:lib.5plus.base-release:] AndroidManifest.xml:104:13-106:29
action#dcloud.push.broswer
ADDED from [:lib.5plus.base-release:] AndroidManifest.xml:105:17-62
	android:name
		ADDED from [:lib.5plus.base-release:] AndroidManifest.xml:105:25-59
activity#io.dcloud.imagepick.CustomGalleryActivity
ADDED from [:lib.5plus.base-release:] AndroidManifest.xml:109:9-112:40
	android:exported
		ADDED from [:lib.5plus.base-release:] AndroidManifest.xml:111:13-37
	android:noHistory
		ADDED from [:lib.5plus.base-release:] AndroidManifest.xml:112:13-37
	android:name
		ADDED from [:lib.5plus.base-release:] AndroidManifest.xml:110:13-69
activity#io.dcloud.feature.nativeObj.photoview.PhotoActivity
ADDED from [:lib.5plus.base-release:] AndroidManifest.xml:113:9-116:58
	android:noHistory
		ADDED from [:lib.5plus.base-release:] AndroidManifest.xml:115:13-38
	android:theme
		ADDED from [:lib.5plus.base-release:] AndroidManifest.xml:116:13-55
	android:name
		ADDED from [:lib.5plus.base-release:] AndroidManifest.xml:114:13-79
activity#io.dcloud.appstream.StreamAppMainActivity
ADDED from [:lib.5plus.base-release:] AndroidManifest.xml:117:9-138:20
	android:screenOrientation
		ADDED from [:lib.5plus.base-release:] AndroidManifest.xml:122:13-49
	android:launchMode
		ADDED from [:lib.5plus.base-release:] AndroidManifest.xml:121:13-44
	android:exported
		ADDED from [:lib.5plus.base-release:] AndroidManifest.xml:120:13-36
	android:windowSoftInputMode
		ADDED from [:lib.5plus.base-release:] AndroidManifest.xml:125:13-73
	android:configChanges
		ADDED from [:lib.5plus.base-release:] AndroidManifest.xml:119:13-82
	android:theme
		ADDED from [:lib.5plus.base-release:] AndroidManifest.xml:124:13-70
	android:taskAffinity
		ADDED from [:lib.5plus.base-release:] AndroidManifest.xml:123:13-41
	android:name
		ADDED from [:lib.5plus.base-release:] AndroidManifest.xml:118:13-69
intent-filter#android.intent.action.MAIN
ADDED from [:lib.5plus.base-release:] AndroidManifest.xml:126:13-128:29
activity#io.dcloud.WebAppActivity
ADDED from [:lib.5plus.base-release:] AndroidManifest.xml:139:9-149:58
	android:screenOrientation
		ADDED from [:lib.5plus.base-release:] AndroidManifest.xml:146:13-49
	android:label
		ADDED from [:lib.5plus.base-release:] AndroidManifest.xml:144:13-46
	android:hardwareAccelerated
		ADDED from [:lib.5plus.base-release:] AndroidManifest.xml:142:13-47
	android:launchMode
		ADDED from [:lib.5plus.base-release:] AndroidManifest.xml:145:13-44
	android:windowSoftInputMode
		ADDED from [:lib.5plus.base-release:] AndroidManifest.xml:149:13-55
	android:configChanges
		ADDED from [:lib.5plus.base-release:] AndroidManifest.xml:141:13-82
	android:icon
		ADDED from [:lib.5plus.base-release:] AndroidManifest.xml:143:13-51
	android:theme
		ADDED from [:lib.5plus.base-release:] AndroidManifest.xml:148:13-47
	android:taskAffinity
		ADDED from [:lib.5plus.base-release:] AndroidManifest.xml:147:13-43
	android:name
		ADDED from [:lib.5plus.base-release:] AndroidManifest.xml:140:13-52
service#io.dcloud.streamdownload.DownloadService
ADDED from [:lib.5plus.base-release:] AndroidManifest.xml:151:9-155:19
	android:name
		ADDED from [:lib.5plus.base-release:] AndroidManifest.xml:151:18-73
intent-filter#com.qihoo.life.plugin.streamapp.ACTION_PUSH_TO_PLUGIN
ADDED from [:lib.5plus.base-release:] AndroidManifest.xml:152:13-154:29
action#com.qihoo.life.plugin.streamapp.ACTION_PUSH_TO_PLUGIN
ADDED from [:lib.5plus.base-release:] AndroidManifest.xml:153:17-96
	android:name
		ADDED from [:lib.5plus.base-release:] AndroidManifest.xml:153:25-93
service#io.dcloud.appstream.service.DaemonService
ADDED from [:lib.5plus.base-release:] AndroidManifest.xml:156:9-159:41
	android:process
		ADDED from [:lib.5plus.base-release:] AndroidManifest.xml:159:13-38
	android:exported
		ADDED from [:lib.5plus.base-release:] AndroidManifest.xml:158:13-37
	android:name
		ADDED from [:lib.5plus.base-release:] AndroidManifest.xml:157:13-69
service#io.dcloud.appstream.service.ProtectService
ADDED from [:lib.5plus.base-release:] AndroidManifest.xml:160:9-162:40
	android:exported
		ADDED from [:lib.5plus.base-release:] AndroidManifest.xml:162:13-37
	android:name
		ADDED from [:lib.5plus.base-release:] AndroidManifest.xml:161:13-70
receiver#io.dcloud.appstream.receiver.DaemonReceiver
ADDED from [:lib.5plus.base-release:] AndroidManifest.xml:164:9-170:20
	android:name
		ADDED from [:lib.5plus.base-release:] AndroidManifest.xml:164:19-77
intent-filter#android.intent.action.BOOT_COMPLETED+android.intent.action.USER_PRESENT+android.net.conn.CONNECTIVITY_CHANGE
ADDED from [:lib.5plus.base-release:] AndroidManifest.xml:165:13-169:29
	android:priority
		ADDED from [:lib.5plus.base-release:] AndroidManifest.xml:165:28-51
action#android.intent.action.BOOT_COMPLETED
ADDED from [:lib.5plus.base-release:] AndroidManifest.xml:166:17-79
	android:name
		ADDED from [:lib.5plus.base-release:] AndroidManifest.xml:166:25-76
action#android.net.conn.CONNECTIVITY_CHANGE
ADDED from [:lib.5plus.base-release:] AndroidManifest.xml:167:17-79
	android:name
		ADDED from [:lib.5plus.base-release:] AndroidManifest.xml:167:25-76
action#android.intent.action.USER_PRESENT
ADDED from [:lib.5plus.base-release:] AndroidManifest.xml:168:17-77
	android:name
		ADDED from [:lib.5plus.base-release:] AndroidManifest.xml:168:25-74
service#io.dcloud.multiprocess.service.MultiProcessService
ADDED from [:lib.5plus.base-release:] AndroidManifest.xml:172:9-86
	android:name
		ADDED from [:lib.5plus.base-release:] AndroidManifest.xml:172:18-83
activity#io.dcloud.multiprocess.activity.WebAppActivity1
ADDED from [:lib.5plus.base-release:] AndroidManifest.xml:174:9-185:58
	android:process
		ADDED from [:lib.5plus.base-release:] AndroidManifest.xml:181:13-61
	android:screenOrientation
		ADDED from [:lib.5plus.base-release:] AndroidManifest.xml:182:13-49
	android:label
		ADDED from [:lib.5plus.base-release:] AndroidManifest.xml:179:13-46
	android:hardwareAccelerated
		ADDED from [:lib.5plus.base-release:] AndroidManifest.xml:177:13-47
	android:launchMode
		ADDED from [:lib.5plus.base-release:] AndroidManifest.xml:180:13-44
	android:windowSoftInputMode
		ADDED from [:lib.5plus.base-release:] AndroidManifest.xml:185:13-55
	android:configChanges
		ADDED from [:lib.5plus.base-release:] AndroidManifest.xml:176:13-82
	android:icon
		ADDED from [:lib.5plus.base-release:] AndroidManifest.xml:178:13-51
	android:theme
		ADDED from [:lib.5plus.base-release:] AndroidManifest.xml:184:13-47
	android:taskAffinity
		ADDED from [:lib.5plus.base-release:] AndroidManifest.xml:183:13-44
	android:name
		ADDED from [:lib.5plus.base-release:] AndroidManifest.xml:175:13-75
activity#io.dcloud.appstream.OpenStreamAppTransferActivity
ADDED from [:lib.5plus.base-release:] AndroidManifest.xml:186:9-192:20
	android:screenOrientation
		ADDED from [:lib.5plus.base-release:] AndroidManifest.xml:189:13-49
	android:windowSoftInputMode
		ADDED from [:lib.5plus.base-release:] AndroidManifest.xml:191:13-73
	android:configChanges
		ADDED from [:lib.5plus.base-release:] AndroidManifest.xml:188:13-82
	android:theme
		ADDED from [:lib.5plus.base-release:] AndroidManifest.xml:190:13-70
	android:name
		ADDED from [:lib.5plus.base-release:] AndroidManifest.xml:187:13-77
meta-data#MultiProcessCount
ADDED from [:lib.5plus.base-release:] AndroidManifest.xml:194:9-196:33
	android:value
		ADDED from [:lib.5plus.base-release:] AndroidManifest.xml:196:13-30
	android:name
		ADDED from [:lib.5plus.base-release:] AndroidManifest.xml:195:13-45
activity#io.dcloud.ProcessMediator
ADDED from [:lib.5plus.base-release:] AndroidManifest.xml:198:9-204:75
	android:label
		ADDED from [:lib.5plus.base-release:] AndroidManifest.xml:202:13-45
	android:excludeFromRecents
		ADDED from [:lib.5plus.base-release:] AndroidManifest.xml:200:13-46
	android:launchMode
		ADDED from [:lib.5plus.base-release:] AndroidManifest.xml:203:13-43
	android:exported
		ADDED from [:lib.5plus.base-release:] AndroidManifest.xml:201:13-36
	android:theme
		ADDED from [:lib.5plus.base-release:] AndroidManifest.xml:204:13-72
	android:name
		ADDED from [:lib.5plus.base-release:] AndroidManifest.xml:199:13-53
activity#io.dcloud.WebviewActivity
ADDED from [:lib.5plus.base-release:] AndroidManifest.xml:205:9-210:20
	android:screenOrientation
		ADDED from [:lib.5plus.base-release:] AndroidManifest.xml:207:13-49
	android:windowSoftInputMode
		ADDED from [:lib.5plus.base-release:] AndroidManifest.xml:209:13-52
	android:theme
		ADDED from [:lib.5plus.base-release:] AndroidManifest.xml:208:13-51
	android:name
		ADDED from [:lib.5plus.base-release:] AndroidManifest.xml:206:13-53
meta-data#android.max_aspect
ADDED from [:lib.5plus.base-release:] AndroidManifest.xml:218:9-220:35
	android:value
		ADDED from [:lib.5plus.base-release:] AndroidManifest.xml:220:13-32
	android:name
		ADDED from [:lib.5plus.base-release:] AndroidManifest.xml:219:13-46
uses-permission#android.permission.READ_EXTERNAL_STORAGE
IMPLIED from src\main\AndroidManifest.xml:2:1-149:12 reason: io.dcloud requested WRITE_EXTERNAL_STORAGE
uses-permission#android.permission.READ_CALL_LOG
IMPLIED from src\main\AndroidManifest.xml:2:1-149:12 reason: io.dcloud has targetSdkVersion < 16 and requested READ_CONTACTS
uses-permission#android.permission.WRITE_CALL_LOG
IMPLIED from src\main\AndroidManifest.xml:2:1-149:12 reason: io.dcloud has targetSdkVersion < 16 and requested WRITE_CONTACTS